Checking sync
Checking sync_notify
Checking sync_options
Checking sync_scanner
Checking sync_utils
Checking pc
Checking pc_compilation
Checking pc_port_env
Checking pc_port_specs
Checking pc_prv_clean
Checking pc_prv_compile
Checking pc_util
Checking rebar_mix
Checking rebar_mix_compiler
Checking rebar_mix_dep
Checking rebar_mix_hex
Checking rebar_mix_hook
Checking rebar_mix_utils
Checking sync
Checking sync_notify
Checking sync_options
Checking sync_scanner
Checking sync_utils
Checking pc
Checking pc_compilation
Checking pc_port_env
Checking pc_port_specs
Checking pc_prv_clean
Checking pc_prv_compile
Checking pc_util
Checking rebar_mix
Checking rebar_mix_compiler
Checking rebar_mix_dep
Checking rebar_mix_hex
Checking rebar_mix_hook
Checking rebar_mix_utils
Checking rlp
Checking rlp
Checking libsecp256k1
Checking keccak
Checking enr
/Users/dan/projects/my/ethereum/chell/enr/src/enr.erl
/Users/dan/projects/my/ethereum/chell/enr/src/enr.erl
/Users/dan/projects/my/ethereum/chell/enr/src/enr.erl
/Users/dan/projects/my/ethereum/chell/enr/src/enr.erl
/Users/dan/projects/my/ethereum/chell/enr/src/enr.erl
/Users/dan/projects/my/ethereum/chell/enr/src/enr.erl
/Users/dan/projects/my/ethereum/chell/enr/src/enr.erl
/Users/dan/projects/my/ethereum/chell/enr/src/enr.erl
/Users/dan/projects/my/ethereum/chell/enr/src/enr.erl
/Users/dan/projects/my/ethereum/chell/enr/src/enr.erl
/Users/dan/projects/my/ethereum/chell/enr/src/enr.erl
/Users/dan/projects/my/ethereum/chell/enr/src/enr.erl
/Users/dan/projects/my/ethereum/chell/enr/src/enr.erl
/Users/dan/projects/my/ethereum/chell/enr/src/enr.erl
/Users/dan/projects/my/ethereum/chell/enr/src/enr.erl
/Users/dan/projects/my/ethereum/chell/enr/src/enr.erl
/Users/dan/projects/my/ethereum/chell/enr/src/enr.erl
/Users/dan/projects/my/ethereum/chell/enr/src/enr.erl
/Users/dan/projects/my/ethereum/chell/enr/src/enr.erl
/Users/dan/projects/my/ethereum/chell/enr/src/enr.erl
/Users/dan/projects/my/ethereum/chell/enr/src/enr.erl
/Users/dan/projects/my/ethereum/chell/enr/src/enr.erl
/Users/dan/projects/my/ethereum/chell/enr/src/enr.erl
/Users/dan/projects/my/ethereum/chell/enr/src/enr.erl
/Users/dan/projects/my/ethereum/chell/enr/src/enr.erl
/Users/dan/projects/my/ethereum/chell/enr/src/enr.erl
/Users/dan/projects/my/ethereum/chell/enr/src/enr.erl
/Users/dan/projects/my/ethereum/chell/enr/src/enr.erl
/Users/dan/projects/my/ethereum/chell/enr/src/enr.erl
/Users/dan/projects/my/ethereum/chell/enr/src/enr.erl
/Users/dan/projects/my/ethereum/chell/enr/src/enr.erl
/Users/dan/projects/my/ethereum/chell/enr/src/enr.erl
/Users/dan/projects/my/ethereum/chell/enr/src/enr.erl
/Users/dan/projects/my/ethereum/chell/enr/src/enr.erl
/Users/dan/projects/my/ethereum/chell/enr/src/enr.erl
/Users/dan/projects/my/ethereum/chell/enr/src/enr.erl
/Users/dan/projects/my/ethereum/chell/enr/src/enr.erl
/Users/dan/projects/my/ethereum/chell/enr/src/enr.erl
/Users/dan/projects/my/ethereum/chell/enr/src/enr.erl
/Users/dan/projects/my/ethereum/chell/enr/src/enr.erl
/Users/dan/projects/my/ethereum/chell/enr/src/enr.erl
/Users/dan/projects/my/ethereum/chell/enr/src/enr.erl
/Users/dan/projects/my/ethereum/chell/enr/src/enr.erl
/Users/dan/projects/my/ethereum/chell/enr/src/enr.erl
/Users/dan/projects/my/ethereum/chell/enr/src/enr.erl
/Users/dan/projects/my/ethereum/chell/enr/src/enr.erl
/Users/dan/projects/my/ethereum/chell/enr/src/enr.erl
/Users/dan/projects/my/ethereum/chell/enr/src/enr.erl
/Users/dan/projects/my/ethereum/chell/enr/src/enr.erl
/Users/dan/projects/my/ethereum/chell/enr/src/enr.erl
/Users/dan/projects/my/ethereum/chell/enr/src/enr.erl
/Users/dan/projects/my/ethereum/chell/enr/src/enr.erl
/Users/dan/projects/my/ethereum/chell/enr/src/enr.erl
/Users/dan/projects/my/ethereum/chell/enr/src/enr.erl
/Users/dan/projects/my/ethereum/chell/enr/src/enr.erl
